Using pre-set license
Built from '2021.1/staging' branch; Version is '2021.1.22f1 (a137e5fb0427) revision 10565605'; Using compiler version '192528614'; Build Type 'Release'
OS: 'Windows 10 Pro; OS build 19043.1348; Version 2009; 64bit' Language: 'fr' Physical Memory: 8062 MB
BatchMode: 1, IsHumanControllingUs: 0, StartBugReporterOnCrash: 0, Is64bit: 1, IsPro: 0

COMMAND LINE ARGUMENTS:
C:\Program Files\Unity\Hub\Editor\2021.1.22f1\Editor\Unity.exe
-adb2
-batchMode
-noUpm
-name
AssetImportWorker2
-projectPath
C:/Users/lucas/Documents/GitHub/jeux-unity/Project farmer
-logFile
Logs/AssetImportWorker2.log
-srvPort
52037
Successfully changed project path to: C:/Users/lucas/Documents/GitHub/jeux-unity/Project farmer
C:/Users/lucas/Documents/GitHub/jeux-unity/Project farmer
Using Asset Import Pipeline V2.
Refreshing native plugins compatible for Editor in 254.20 ms, found 3 plugins.
Preloading 0 native plugins for Editor in 0.00 ms.
Initialize engine version: 2021.1.22f1 (a137e5fb0427)
[Subsystems] Discovering subsystems at path C:/Program Files/Unity/Hub/Editor/2021.1.22f1/Editor/Data/Resources/UnitySubsystems
[Subsystems] Discovering subsystems at path C:/Users/lucas/Documents/GitHub/jeux-unity/Project farmer/Assets
GfxDevice: creating device client; threaded=0; jobified=0
Direct3D:
    Version:  Direct3D 11.0 [level 11.0]
    Renderer: NVIDIA GeForce MX130 (ID=0x174d)
    Vendor:   NVIDIA
    VRAM:     2010 MB
    Driver:   30.0.14.7242
Initialize mono
Mono path[0] = 'C:/Program Files/Unity/Hub/Editor/2021.1.22f1/Editor/Data/Managed'
Mono path[1] = 'C:/Program Files/Unity/Hub/Editor/2021.1.22f1/Editor/Data/MonoBleedingEdge/lib/mono/unityjit'
Mono config path = 'C:/Program Files/Unity/Hub/Editor/2021.1.22f1/Editor/Data/MonoBleedingEdge/etc'
Using monoOptions --debugger-agent=transport=dt_socket,embedding=1,server=y,suspend=n,address=127.0.0.1:56168
Begin MonoManager ReloadAssembly
Registering precompiled unity dll's ...
Register platform support module: C:/Program Files/Unity/Hub/Editor/2021.1.22f1/Editor/Data/PlaybackEngines/WebGLSupport/UnityEditor.WebGL.Extensions.dll
Register platform support module: C:/Program Files/Unity/Hub/Editor/2021.1.22f1/Editor/Data/PlaybackEngines/WindowsStandaloneSupport/UnityEditor.WindowsStandalone.Extensions.dll
Registered in 0.005923 seconds.
Native extension for WindowsStandalone target not found
Native extension for WebGL target not found
Refreshing native plugins compatible for Editor in 225.02 ms, found 3 plugins.
Preloading 0 native plugins for Editor in 0.00 ms.
Mono: successfully reloaded assembly
- Completed reload, in  3.870 seconds
Domain Reload Profiling:
	ReloadAssembly (3871ms)
		BeginReloadAssembly (160ms)
			ExecutionOrderSort (0ms)
			DisableScriptedObjects (0ms)
			BackupInstance (0ms)
			ReleaseScriptingObjects (0ms)
			CreateAndSetChildDomain (2ms)
		EndReloadAssembly (1515ms)
			LoadAssemblies (155ms)
			RebuildTransferFunctionScriptingTraits (0ms)
			SetupTypeCache (442ms)
			ReleaseScriptCaches (0ms)
			RebuildScriptCaches (82ms)
			SetupLoadedEditorAssemblies (856ms)
				LogAssemblyErrors (0ms)
				InitializePlatformSupportModulesInManaged (18ms)
				SetLoadedEditorAssemblies (0ms)
				RefreshPlugins (225ms)
				BeforeProcessingInitializeOnLoad (5ms)
				ProcessInitializeOnLoadAttributes (476ms)
				ProcessInitializeOnLoadMethodAttributes (129ms)
				AfterProcessingInitializeOnLoad (0ms)
				EditorAssembliesLoaded (1ms)
			ExecutionOrderSort2 (0ms)
			AwakeInstancesAfterBackupRestoration (0ms)
Platform modules already initialized, skipping
Registering precompiled user dll's ...
Registered in 0.020496 seconds.
Begin MonoManager ReloadAssembly
Symbol file LoadedFromMemory doesn't match image C:\Users\lucas\Documents\GitHub\jeux-unity\Project farmer\Library\PackageCache\com.unity.visualscripting@1.6.1\Editor\VisualScripting.Core\Dependencies\YamlDotNet\Unity.VisualScripting.YamlDotNet.dll
Symbol file LoadedFromMemory doesn't match image C:\Users\lucas\Documents\GitHub\jeux-unity\Project farmer\Library\PackageCache\com.unity.visualscripting@1.6.1\Editor\VisualScripting.Core\Dependencies\DotNetZip\Unity.VisualScripting.IonicZip.dll
Native extension for WindowsStandalone target not found
Native extension for WebGL target not found
Refreshing native plugins compatible for Editor in 1.45 ms, found 3 plugins.
Preloading 0 native plugins for Editor in 0.00 ms.
Mono: successfully reloaded assembly
- Completed reload, in  3.675 seconds
Domain Reload Profiling:
	ReloadAssembly (3677ms)
		BeginReloadAssembly (477ms)
			ExecutionOrderSort (0ms)
			DisableScriptedObjects (15ms)
			BackupInstance (0ms)
			ReleaseScriptingObjects (0ms)
			CreateAndSetChildDomain (52ms)
		EndReloadAssembly (3036ms)
			LoadAssemblies (267ms)
			RebuildTransferFunctionScriptingTraits (0ms)
			SetupTypeCache (877ms)
			ReleaseScriptCaches (1ms)
			RebuildScriptCaches (140ms)
			SetupLoadedEditorAssemblies (1435ms)
				LogAssemblyErrors (0ms)
				InitializePlatformSupportModulesInManaged (14ms)
				SetLoadedEditorAssemblies (1ms)
				RefreshPlugins (2ms)
				BeforeProcessingInitializeOnLoad (189ms)
				ProcessInitializeOnLoadAttributes (1190ms)
				ProcessInitializeOnLoadMethodAttributes (15ms)
				AfterProcessingInitializeOnLoad (23ms)
				EditorAssembliesLoaded (1ms)
			ExecutionOrderSort2 (0ms)
			AwakeInstancesAfterBackupRestoration (26ms)
Platform modules already initialized, skipping
========================================================================
Worker process is ready to serve import requests
Launched and connected shader compiler UnityShaderCompiler.exe after 0.30 seconds
Refreshing native plugins compatible for Editor in 1.64 ms, found 3 plugins.
Preloading 0 native plugins for Editor in 0.00 ms.
Unloading 3111 Unused Serialized files (Serialized files now loaded: 0)
System memory in use before: 113.6 MB.
System memory in use after: 113.8 MB.

Unloading 21 unused Assets to reduce memory usage. Loaded Objects now: 3557.
Total: 10.825300 ms (FindLiveObjects: 0.675300 ms CreateObjectMapping: 0.498600 ms MarkObjects: 9.477000 ms  DeleteObjects: 0.171000 ms)

AssetImportParameters requested are different than current active one (requested -> active):
  custom:framework-win-MediaFoundation: 216162199b28c13a410421893ffa2e32 -> 
  custom:video-decoder-ogg-theora: a1e56fd34408186e4bbccfd4996cb3dc -> 
  custom:container-muxer-webm: aa71ff27fc2769a1b78a27578f13a17b -> 
  custom:container-demuxer-webm: 4f35f7cbe854078d1ac9338744f61a02 -> 
  custom:container-demuxer-ogg: 62fdf1f143b41e24485cea50d1cbac27 -> 
  custom:video-encoder-webm-vp8: eb34c28f22e8b96e1ab97ce403110664 -> 
  custom:video-decoder-webm-vp8: 9c59270c3fd7afecdb556c50c9e8de78 -> 
  custom:audio-decoder-ogg-vorbis: bf7c407c2cedff20999df2af8eb42d56 -> 
  custom:audio-encoder-webm-vorbis: bf7c407c2cedff20999df2af8eb42d56 -> 
========================================================================
Received Import Request.
  path: Assets/Easy Primitive Animals/FarmEdition/Scripts/interqction.cs
  artifactKey: Guid(ffeb5523b9b18b34e83203d21a7a3aa0) Importer(815301076,1909f56bfc062723c751e8b465ee728b)
Start importing Assets/Easy Primitive Animals/FarmEdition/Scripts/interqction.cs using Guid(ffeb5523b9b18b34e83203d21a7a3aa0) Importer(815301076,1909f56bfc062723c751e8b465ee728b)  -> (artifact id: 'bb2356609f1efe56bb3d4de311755472') in 0.080630 seconds 
========================================================================
Received Prepare
Refreshing native plugins compatible for Editor in 10.07 ms, found 3 plugins.
Preloading 0 native plugins for Editor in 0.00 ms.
Unloading 14 Unused Serialized files (Serialized files now loaded: 0)
System memory in use before: 51.8 MB.
System memory in use after: 52.0 MB.

Unloading 14 unused Assets to reduce memory usage. Loaded Objects now: 3557.
Total: 7.480500 ms (FindLiveObjects: 0.452600 ms CreateObjectMapping: 0.336600 ms MarkObjects: 6.656400 ms  DeleteObjects: 0.032500 ms)

AssetImportParameters requested are different than current active one (requested -> active):
  custom:framework-win-MediaFoundation: 216162199b28c13a410421893ffa2e32 -> 
  custom:video-decoder-ogg-theora: a1e56fd34408186e4bbccfd4996cb3dc -> 
  custom:container-muxer-webm: aa71ff27fc2769a1b78a27578f13a17b -> 
  custom:container-demuxer-webm: 4f35f7cbe854078d1ac9338744f61a02 -> 
  custom:container-demuxer-ogg: 62fdf1f143b41e24485cea50d1cbac27 -> 
  custom:video-encoder-webm-vp8: eb34c28f22e8b96e1ab97ce403110664 -> 
  custom:video-decoder-webm-vp8: 9c59270c3fd7afecdb556c50c9e8de78 -> 
  custom:audio-decoder-ogg-vorbis: bf7c407c2cedff20999df2af8eb42d56 -> 
  custom:audio-encoder-webm-vorbis: bf7c407c2cedff20999df2af8eb42d56 -> 
========================================================================
Received Import Request.
  Time since last request: 255.308419 seconds.
  path: Assets/Casual RPG Monster - 26 Wolf/readme.txt
  artifactKey: Guid(11fe84c71bc303e4cbc0aa34075fe2b0) Importer(815301076,1909f56bfc062723c751e8b465ee728b)
Start importing Assets/Casual RPG Monster - 26 Wolf/readme.txt using Guid(11fe84c71bc303e4cbc0aa34075fe2b0) Importer(815301076,1909f56bfc062723c751e8b465ee728b)  -> (artifact id: '8e09bee525d8c3ca17d9e665fb70f8e0') in 0.054471 seconds 
========================================================================
Received Import Request.
  Time since last request: 4.116132 seconds.
  path: Assets/Casual RPG Monster - 26 Wolf/Scenes/Wolf_Generic.unity
  artifactKey: Guid(3ee508f7d4f499e4f96aee8c31a76581) Importer(815301076,1909f56bfc062723c751e8b465ee728b)
Start importing Assets/Casual RPG Monster - 26 Wolf/Scenes/Wolf_Generic.unity using Guid(3ee508f7d4f499e4f96aee8c31a76581) Importer(815301076,1909f56bfc062723c751e8b465ee728b)  -> (artifact id: '78846636468e46aa9886127d8fd0c8ab') in 0.018290 seconds 
========================================================================
Received Import Request.
  Time since last request: 34.595540 seconds.
  path: Assets/Easy Primitive Animals/FarmEdition/Scenes/PrimitiveAnimalsDemoScene1.unity
  artifactKey: Guid(adc80317f90b1e64e93f3256c220ab09) Importer(815301076,1909f56bfc062723c751e8b465ee728b)
Start importing Assets/Easy Primitive Animals/FarmEdition/Scenes/PrimitiveAnimalsDemoScene1.unity using Guid(adc80317f90b1e64e93f3256c220ab09) Importer(815301076,1909f56bfc062723c751e8b465ee728b)  -> (artifact id: 'e5ee6973f190d6e07c8cc1d780762081') in 0.017472 seconds 
========================================================================
Received Prepare
Registering precompiled user dll's ...
Registered in 0.019882 seconds.
Begin MonoManager ReloadAssembly
Symbol file LoadedFromMemory doesn't match image C:\Users\lucas\Documents\GitHub\jeux-unity\Project farmer\Library\PackageCache\com.unity.visualscripting@1.6.1\Editor\VisualScripting.Core\Dependencies\YamlDotNet\Unity.VisualScripting.YamlDotNet.dll
Symbol file LoadedFromMemory doesn't match image C:\Users\lucas\Documents\GitHub\jeux-unity\Project farmer\Library\PackageCache\com.unity.visualscripting@1.6.1\Editor\VisualScripting.Core\Dependencies\DotNetZip\Unity.VisualScripting.IonicZip.dll
Native extension for WindowsStandalone target not found
Native extension for WebGL target not found
Refreshing native plugins compatible for Editor in 1.22 ms, found 3 plugins.
Preloading 0 native plugins for Editor in 0.00 ms.
Mono: successfully reloaded assembly
- Completed reload, in  2.911 seconds
Domain Reload Profiling:
	ReloadAssembly (2911ms)
		BeginReloadAssembly (291ms)
			ExecutionOrderSort (0ms)
			DisableScriptedObjects (12ms)
			BackupInstance (0ms)
			ReleaseScriptingObjects (0ms)
			CreateAndSetChildDomain (87ms)
		EndReloadAssembly (2429ms)
			LoadAssemblies (256ms)
			RebuildTransferFunctionScriptingTraits (0ms)
			SetupTypeCache (972ms)
			ReleaseScriptCaches (2ms)
			RebuildScriptCaches (121ms)
			SetupLoadedEditorAssemblies (801ms)
				LogAssemblyErrors (0ms)
				InitializePlatformSupportModulesInManaged (15ms)
				SetLoadedEditorAssemblies (1ms)
				RefreshPlugins (1ms)
				BeforeProcessingInitializeOnLoad (140ms)
				ProcessInitializeOnLoadAttributes (616ms)
				ProcessInitializeOnLoadMethodAttributes (11ms)
				AfterProcessingInitializeOnLoad (17ms)
				EditorAssembliesLoaded (1ms)
			ExecutionOrderSort2 (0ms)
			AwakeInstancesAfterBackupRestoration (18ms)
Platform modules already initialized, skipping
Refreshing native plugins compatible for Editor in 1.35 ms, found 3 plugins.
Preloading 0 native plugins for Editor in 0.00 ms.
Unloading 3102 Unused Serialized files (Serialized files now loaded: 0)
System memory in use before: 113.3 MB.
System memory in use after: 113.5 MB.

Unloading 16 unused Assets to reduce memory usage. Loaded Objects now: 3559.
Total: 7.398700 ms (FindLiveObjects: 0.499800 ms CreateObjectMapping: 0.332600 ms MarkObjects: 6.514000 ms  DeleteObjects: 0.049600 ms)

AssetImportParameters requested are different than current active one (requested -> active):
  custom:framework-win-MediaFoundation: 216162199b28c13a410421893ffa2e32 -> 
  custom:video-decoder-ogg-theora: a1e56fd34408186e4bbccfd4996cb3dc -> 
  custom:container-muxer-webm: aa71ff27fc2769a1b78a27578f13a17b -> 
  custom:container-demuxer-webm: 4f35f7cbe854078d1ac9338744f61a02 -> 
  custom:container-demuxer-ogg: 62fdf1f143b41e24485cea50d1cbac27 -> 
  custom:video-encoder-webm-vp8: eb34c28f22e8b96e1ab97ce403110664 -> 
  custom:video-decoder-webm-vp8: 9c59270c3fd7afecdb556c50c9e8de78 -> 
  custom:audio-decoder-ogg-vorbis: bf7c407c2cedff20999df2af8eb42d56 -> 
  custom:audio-encoder-webm-vorbis: bf7c407c2cedff20999df2af8eb42d56 -> 
========================================================================
Received Import Request.
  Time since last request: 42.264669 seconds.
  path: Assets/Easy Primitive Animals/FarmEdition/Scenes/scen farmer.unity
  artifactKey: Guid(adc80317f90b1e64e93f3256c220ab09) Importer(815301076,1909f56bfc062723c751e8b465ee728b)
Start importing Assets/Easy Primitive Animals/FarmEdition/Scenes/scen farmer.unity using Guid(adc80317f90b1e64e93f3256c220ab09) Importer(815301076,1909f56bfc062723c751e8b465ee728b)  -> (artifact id: '5615afc4025e6c5e048432d2389735e1') in 0.049487 seconds 
========================================================================
Received Import Request.
  Time since last request: 8.190848 seconds.
  path: Assets/Easy Primitive Animals/FarmEdition/Scenes/scenes farmer.unity
  artifactKey: Guid(adc80317f90b1e64e93f3256c220ab09) Importer(815301076,1909f56bfc062723c751e8b465ee728b)
Start importing Assets/Easy Primitive Animals/FarmEdition/Scenes/scenes farmer.unity using Guid(adc80317f90b1e64e93f3256c220ab09) Importer(815301076,1909f56bfc062723c751e8b465ee728b)  -> (artifact id: '7d79204a56ac60dbc47bb350c9f4be9d') in 0.021261 seconds 
========================================================================
Received Import Request.
  Time since last request: 46.183211 seconds.
  path: Assets/Casual RPG Monster - 26 Wolf/Prefaps/Directional light.prefab
  artifactKey: Guid(5bee18225c6b8614b90b59586bc7a4e8) Importer(815301076,1909f56bfc062723c751e8b465ee728b)
Start importing Assets/Casual RPG Monster - 26 Wolf/Prefaps/Directional light.prefab using Guid(5bee18225c6b8614b90b59586bc7a4e8) Importer(815301076,1909f56bfc062723c751e8b465ee728b)  -> (artifact id: 'f0ac5ad6fcf518ae1679d19142360cad') in 0.060899 seconds 
========================================================================
Received Import Request.
  Time since last request: 1.611106 seconds.
  path: Assets/Casual RPG Monster - 26 Wolf/Prefaps/Main Camera.prefab
  artifactKey: Guid(f835c6120f747a749b0a0c10f6c2c572) Importer(815301076,1909f56bfc062723c751e8b465ee728b)
Start importing Assets/Casual RPG Monster - 26 Wolf/Prefaps/Main Camera.prefab using Guid(f835c6120f747a749b0a0c10f6c2c572) Importer(815301076,1909f56bfc062723c751e8b465ee728b)  -> (artifact id: '87d7f610b7d21c9ba6ecc726a13cc093') in 0.019756 seconds 
========================================================================
Received Import Request.
  Time since last request: 4.417929 seconds.
  path: Assets/Casual RPG Monster - 26 Wolf/Models/Textures/Wolf.tga
  artifactKey: Guid(efa8d16203a7f1e47ad23f39eab12a3a) Importer(815301076,1909f56bfc062723c751e8b465ee728b)
Start importing Assets/Casual RPG Monster - 26 Wolf/Models/Textures/Wolf.tga using Guid(efa8d16203a7f1e47ad23f39eab12a3a) Importer(815301076,1909f56bfc062723c751e8b465ee728b)  -> (artifact id: '665dad26313e8dc960f073f7e92495b2') in 0.135646 seconds 
========================================================================
Received Import Request.
  Time since last request: 34.704490 seconds.
  path: Assets/Casual RPG Monster - 26 Wolf/Models/Generic/Wolf.FBX
  artifactKey: Guid(532284482287d6743a87c380f496b660) Importer(815301076,1909f56bfc062723c751e8b465ee728b)
Start importing Assets/Casual RPG Monster - 26 Wolf/Models/Generic/Wolf.FBX using Guid(532284482287d6743a87c380f496b660) Importer(815301076,1909f56bfc062723c751e8b465ee728b)  -> (artifact id: '6840d801ccba6eba1edf69ec66c5cebd') in 0.945856 seconds 
========================================================================
Received Prepare
Registering precompiled user dll's ...
Registered in 0.007144 seconds.
Begin MonoManager ReloadAssembly
Symbol file LoadedFromMemory doesn't match image C:\Users\lucas\Documents\GitHub\jeux-unity\Project farmer\Library\PackageCache\com.unity.visualscripting@1.6.1\Editor\VisualScripting.Core\Dependencies\YamlDotNet\Unity.VisualScripting.YamlDotNet.dll
Symbol file LoadedFromMemory doesn't match image C:\Users\lucas\Documents\GitHub\jeux-unity\Project farmer\Library\PackageCache\com.unity.visualscripting@1.6.1\Editor\VisualScripting.Core\Dependencies\DotNetZip\Unity.VisualScripting.IonicZip.dll
Native extension for WindowsStandalone target not found
Native extension for WebGL target not found
Refreshing native plugins compatible for Editor in 2.08 ms, found 3 plugins.
Preloading 0 native plugins for Editor in 0.00 ms.
Mono: successfully reloaded assembly
- Completed reload, in  4.119 seconds
Domain Reload Profiling:
	ReloadAssembly (4120ms)
		BeginReloadAssembly (466ms)
			ExecutionOrderSort (0ms)
			DisableScriptedObjects (15ms)
			BackupInstance (0ms)
			ReleaseScriptingObjects (0ms)
			CreateAndSetChildDomain (128ms)
		EndReloadAssembly (3367ms)
			LoadAssemblies (424ms)
			RebuildTransferFunctionScriptingTraits (0ms)
			SetupTypeCache (987ms)
			ReleaseScriptCaches (2ms)
			RebuildScriptCaches (136ms)
			SetupLoadedEditorAssemblies (1420ms)
				LogAssemblyErrors (0ms)
				InitializePlatformSupportModulesInManaged (29ms)
				SetLoadedEditorAssemblies (2ms)
				RefreshPlugins (2ms)
				BeforeProcessingInitializeOnLoad (262ms)
				ProcessInitializeOnLoadAttributes (1070ms)
				ProcessInitializeOnLoadMethodAttributes (21ms)
				AfterProcessingInitializeOnLoad (33ms)
				EditorAssembliesLoaded (1ms)
			ExecutionOrderSort2 (0ms)
			AwakeInstancesAfterBackupRestoration (69ms)
Platform modules already initialized, skipping
Refreshing native plugins compatible for Editor in 1.53 ms, found 3 plugins.
Preloading 0 native plugins for Editor in 0.00 ms.
Unloading 3103 Unused Serialized files (Serialized files now loaded: 0)
System memory in use before: 132.9 MB.
System memory in use after: 133.1 MB.

Unloading 16 unused Assets to reduce memory usage. Loaded Objects now: 3621.
Total: 7.809300 ms (FindLiveObjects: 0.520400 ms CreateObjectMapping: 0.359300 ms MarkObjects: 6.878100 ms  DeleteObjects: 0.049600 ms)

AssetImportParameters requested are different than current active one (requested -> active):
  custom:framework-win-MediaFoundation: 216162199b28c13a410421893ffa2e32 -> 
  custom:video-decoder-ogg-theora: a1e56fd34408186e4bbccfd4996cb3dc -> 
  custom:container-muxer-webm: aa71ff27fc2769a1b78a27578f13a17b -> 
  custom:container-demuxer-webm: 4f35f7cbe854078d1ac9338744f61a02 -> 
  custom:container-demuxer-ogg: 62fdf1f143b41e24485cea50d1cbac27 -> 
  custom:video-encoder-webm-vp8: eb34c28f22e8b96e1ab97ce403110664 -> 
  custom:video-decoder-webm-vp8: 9c59270c3fd7afecdb556c50c9e8de78 -> 
  custom:audio-decoder-ogg-vorbis: bf7c407c2cedff20999df2af8eb42d56 -> 
  custom:audio-encoder-webm-vorbis: bf7c407c2cedff20999df2af8eb42d56 -> 
========================================================================
Received Import Request.
  Time since last request: 676.427120 seconds.
  path: Assets/Scenes/scenes farmer.unity
  artifactKey: Guid(adc80317f90b1e64e93f3256c220ab09) Importer(815301076,1909f56bfc062723c751e8b465ee728b)
Start importing Assets/Scenes/scenes farmer.unity using Guid(adc80317f90b1e64e93f3256c220ab09) Importer(815301076,1909f56bfc062723c751e8b465ee728b)  -> (artifact id: '041da29a4b2bf7942a0ca643a2a77255') in 0.038081 seconds 
========================================================================
Received Import Request.
  Time since last request: 9.114826 seconds.
  path: Assets/Scenes/menu.unity
  artifactKey: Guid(b00d619ddb359704aa05e50672943390) Importer(815301076,1909f56bfc062723c751e8b465ee728b)
Start importing Assets/Scenes/menu.unity using Guid(b00d619ddb359704aa05e50672943390) Importer(815301076,1909f56bfc062723c751e8b465ee728b)  -> (artifact id: '1ffc3687207776532357abfb3decf880') in 0.028824 seconds 
========================================================================
Received Prepare
Registering precompiled user dll's ...
Registered in 0.016696 seconds.
Begin MonoManager ReloadAssembly
Symbol file LoadedFromMemory doesn't match image C:\Users\lucas\Documents\GitHub\jeux-unity\Project farmer\Library\PackageCache\com.unity.visualscripting@1.6.1\Editor\VisualScripting.Core\Dependencies\YamlDotNet\Unity.VisualScripting.YamlDotNet.dll
Symbol file LoadedFromMemory doesn't match image C:\Users\lucas\Documents\GitHub\jeux-unity\Project farmer\Library\PackageCache\com.unity.visualscripting@1.6.1\Editor\VisualScripting.Core\Dependencies\DotNetZip\Unity.VisualScripting.IonicZip.dll
Native extension for WindowsStandalone target not found
Native extension for WebGL target not found
Refreshing native plugins compatible for Editor in 1.59 ms, found 3 plugins.
Preloading 0 native plugins for Editor in 0.00 ms.
Mono: successfully reloaded assembly
- Completed reload, in  3.053 seconds
Domain Reload Profiling:
	ReloadAssembly (3054ms)
		BeginReloadAssembly (311ms)
			ExecutionOrderSort (0ms)
			DisableScriptedObjects (16ms)
			BackupInstance (0ms)
			ReleaseScriptingObjects (0ms)
			CreateAndSetChildDomain (91ms)
		EndReloadAssembly (2578ms)
			LoadAssemblies (265ms)
			RebuildTransferFunctionScriptingTraits (0ms)
			SetupTypeCache (1030ms)
			ReleaseScriptCaches (2ms)
			RebuildScriptCaches (123ms)
			SetupLoadedEditorAssemblies (856ms)
				LogAssemblyErrors (0ms)
				InitializePlatformSupportModulesInManaged (16ms)
				SetLoadedEditorAssemblies (1ms)
				RefreshPlugins (2ms)
				BeforeProcessingInitializeOnLoad (140ms)
				ProcessInitializeOnLoadAttributes (658ms)
				ProcessInitializeOnLoadMethodAttributes (16ms)
				AfterProcessingInitializeOnLoad (22ms)
				EditorAssembliesLoaded (1ms)
			ExecutionOrderSort2 (0ms)
			AwakeInstancesAfterBackupRestoration (47ms)
Platform modules already initialized, skipping
Refreshing native plugins compatible for Editor in 1.45 ms, found 3 plugins.
Preloading 0 native plugins for Editor in 0.00 ms.
Unloading 3102 Unused Serialized files (Serialized files now loaded: 0)
System memory in use before: 132.9 MB.
System memory in use after: 133.1 MB.

Unloading 16 unused Assets to reduce memory usage. Loaded Objects now: 3623.
Total: 8.609800 ms (FindLiveObjects: 0.578700 ms CreateObjectMapping: 0.411100 ms MarkObjects: 7.572500 ms  DeleteObjects: 0.044500 ms)

AssetImportParameters requested are different than current active one (requested -> active):
  custom:framework-win-MediaFoundation: 216162199b28c13a410421893ffa2e32 -> 
  custom:video-decoder-ogg-theora: a1e56fd34408186e4bbccfd4996cb3dc -> 
  custom:container-muxer-webm: aa71ff27fc2769a1b78a27578f13a17b -> 
  custom:container-demuxer-webm: 4f35f7cbe854078d1ac9338744f61a02 -> 
  custom:container-demuxer-ogg: 62fdf1f143b41e24485cea50d1cbac27 -> 
  custom:video-encoder-webm-vp8: eb34c28f22e8b96e1ab97ce403110664 -> 
  custom:video-decoder-webm-vp8: 9c59270c3fd7afecdb556c50c9e8de78 -> 
  custom:audio-decoder-ogg-vorbis: bf7c407c2cedff20999df2af8eb42d56 -> 
  custom:audio-encoder-webm-vorbis: bf7c407c2cedff20999df2af8eb42d56 -> 
========================================================================
Received Import Request.
  Time since last request: 382.905289 seconds.
  path: Assets/Scenes/scenes farmer.unity
  artifactKey: Guid(adc80317f90b1e64e93f3256c220ab09) Importer(815301076,1909f56bfc062723c751e8b465ee728b)
Start importing Assets/Scenes/scenes farmer.unity using Guid(adc80317f90b1e64e93f3256c220ab09) Importer(815301076,1909f56bfc062723c751e8b465ee728b)  -> (artifact id: '9a0a6a85a0e2a3d473ea9022c78bb5dc') in 0.026072 seconds 
========================================================================
Received Import Request.
  Time since last request: 2.459306 seconds.
  path: Assets/Scenes/menu.unity
  artifactKey: Guid(b00d619ddb359704aa05e50672943390) Importer(815301076,1909f56bfc062723c751e8b465ee728b)
Start importing Assets/Scenes/menu.unity using Guid(b00d619ddb359704aa05e50672943390) Importer(815301076,1909f56bfc062723c751e8b465ee728b)  -> (artifact id: 'c4abf764e0ed79aa8dbbbcb97882e9a3') in 0.005027 seconds 
========================================================================
Received Import Request.
  Time since last request: 265.783381 seconds.
  path: Assets/scripts
  artifactKey: Guid(a48753c64bd62bb4686a0e1ca11dbe47) Importer(815301076,1909f56bfc062723c751e8b465ee728b)
Start importing Assets/scripts using Guid(a48753c64bd62bb4686a0e1ca11dbe47) Importer(815301076,1909f56bfc062723c751e8b465ee728b)  -> (artifact id: '7950e368e386dbf11aa00cc714b84e3f') in 0.015756 seconds 
========================================================================
Received Import Request.
  Time since last request: 20.294787 seconds.
  path: Assets/scripts/menu.cs
  artifactKey: Guid(701d91a2e6db8da479d84677a5db4521) Importer(815301076,1909f56bfc062723c751e8b465ee728b)
Start importing Assets/scripts/menu.cs using Guid(701d91a2e6db8da479d84677a5db4521) Importer(815301076,1909f56bfc062723c751e8b465ee728b)  -> (artifact id: '4427bf69c41b1667e7d02630a77baeff') in 0.013418 seconds 
========================================================================
Received Prepare
Registering precompiled user dll's ...
Registered in 0.013309 seconds.
Begin MonoManager ReloadAssembly
Symbol file LoadedFromMemory doesn't match image C:\Users\lucas\Documents\GitHub\jeux-unity\Project farmer\Library\PackageCache\com.unity.visualscripting@1.6.1\Editor\VisualScripting.Core\Dependencies\YamlDotNet\Unity.VisualScripting.YamlDotNet.dll
Symbol file LoadedFromMemory doesn't match image C:\Users\lucas\Documents\GitHub\jeux-unity\Project farmer\Library\PackageCache\com.unity.visualscripting@1.6.1\Editor\VisualScripting.Core\Dependencies\DotNetZip\Unity.VisualScripting.IonicZip.dll
Native extension for WindowsStandalone target not found
Native extension for WebGL target not found
Refreshing native plugins compatible for Editor in 1.17 ms, found 3 plugins.
Preloading 0 native plugins for Editor in 0.00 ms.
Mono: successfully reloaded assembly
- Completed reload, in  3.204 seconds
Domain Reload Profiling:
	ReloadAssembly (3205ms)
		BeginReloadAssembly (504ms)
			ExecutionOrderSort (0ms)
			DisableScriptedObjects (28ms)
			BackupInstance (0ms)
			ReleaseScriptingObjects (0ms)
			CreateAndSetChildDomain (159ms)
		EndReloadAssembly (2510ms)
			LoadAssemblies (371ms)
			RebuildTransferFunctionScriptingTraits (0ms)
			SetupTypeCache (1006ms)
			ReleaseScriptCaches (3ms)
			RebuildScriptCaches (116ms)
			SetupLoadedEditorAssemblies (847ms)
				LogAssemblyErrors (0ms)
				InitializePlatformSupportModulesInManaged (12ms)
				SetLoadedEditorAssemblies (1ms)
				RefreshPlugins (1ms)
				BeforeProcessingInitializeOnLoad (140ms)
				ProcessInitializeOnLoadAttributes (670ms)
				ProcessInitializeOnLoadMethodAttributes (8ms)
				AfterProcessingInitializeOnLoad (14ms)
				EditorAssembliesLoaded (1ms)
			ExecutionOrderSort2 (0ms)
			AwakeInstancesAfterBackupRestoration (27ms)
Platform modules already initialized, skipping
Refreshing native plugins compatible for Editor in 1.00 ms, found 3 plugins.
Preloading 0 native plugins for Editor in 0.00 ms.
Unloading 3103 Unused Serialized files (Serialized files now loaded: 0)
System memory in use before: 133.0 MB.
System memory in use after: 133.2 MB.

Unloading 16 unused Assets to reduce memory usage. Loaded Objects now: 3626.
Total: 6.246300 ms (FindLiveObjects: 0.587600 ms CreateObjectMapping: 0.355500 ms MarkObjects: 5.258100 ms  DeleteObjects: 0.040700 ms)

AssetImportParameters requested are different than current active one (requested -> active):
  custom:framework-win-MediaFoundation: 216162199b28c13a410421893ffa2e32 -> 
  custom:video-decoder-ogg-theora: a1e56fd34408186e4bbccfd4996cb3dc -> 
  custom:container-muxer-webm: aa71ff27fc2769a1b78a27578f13a17b -> 
  custom:container-demuxer-webm: 4f35f7cbe854078d1ac9338744f61a02 -> 
  custom:container-demuxer-ogg: 62fdf1f143b41e24485cea50d1cbac27 -> 
  custom:video-encoder-webm-vp8: eb34c28f22e8b96e1ab97ce403110664 -> 
  custom:video-decoder-webm-vp8: 9c59270c3fd7afecdb556c50c9e8de78 -> 
  custom:audio-decoder-ogg-vorbis: bf7c407c2cedff20999df2af8eb42d56 -> 
  custom:audio-encoder-webm-vorbis: bf7c407c2cedff20999df2af8eb42d56 -> 
========================================================================
Received Import Request.
  Time since last request: 496.977302 seconds.
  path: Assets/scripts/menu.cs
  artifactKey: Guid(701d91a2e6db8da479d84677a5db4521) Importer(815301076,1909f56bfc062723c751e8b465ee728b)
Start importing Assets/scripts/menu.cs using Guid(701d91a2e6db8da479d84677a5db4521) Importer(815301076,1909f56bfc062723c751e8b465ee728b)  -> (artifact id: '0e1e9f254cb18e85dadc68be6f39444f') in 0.137529 seconds 
========================================================================
Received Prepare
Registering precompiled user dll's ...
Registered in 0.020007 seconds.
Begin MonoManager ReloadAssembly
Symbol file LoadedFromMemory doesn't match image C:\Users\lucas\Documents\GitHub\jeux-unity\Project farmer\Library\PackageCache\com.unity.visualscripting@1.6.1\Editor\VisualScripting.Core\Dependencies\YamlDotNet\Unity.VisualScripting.YamlDotNet.dll
Symbol file LoadedFromMemory doesn't match image C:\Users\lucas\Documents\GitHub\jeux-unity\Project farmer\Library\PackageCache\com.unity.visualscripting@1.6.1\Editor\VisualScripting.Core\Dependencies\DotNetZip\Unity.VisualScripting.IonicZip.dll
Native extension for WindowsStandalone target not found
Native extension for WebGL target not found
Refreshing native plugins compatible for Editor in 1.87 ms, found 3 plugins.
Preloading 0 native plugins for Editor in 0.00 ms.
Mono: successfully reloaded assembly
- Completed reload, in  3.643 seconds
Domain Reload Profiling:
	ReloadAssembly (3644ms)
		BeginReloadAssembly (429ms)
			ExecutionOrderSort (0ms)
			DisableScriptedObjects (15ms)
			BackupInstance (0ms)
			ReleaseScriptingObjects (0ms)
			CreateAndSetChildDomain (106ms)
		EndReloadAssembly (3014ms)
			LoadAssemblies (367ms)
			RebuildTransferFunctionScriptingTraits (0ms)
			SetupTypeCache (1217ms)
			ReleaseScriptCaches (2ms)
			RebuildScriptCaches (147ms)
			SetupLoadedEditorAssemblies (1041ms)
				LogAssemblyErrors (0ms)
				InitializePlatformSupportModulesInManaged (22ms)
				SetLoadedEditorAssemblies (2ms)
				RefreshPlugins (2ms)
				BeforeProcessingInitializeOnLoad (195ms)
				ProcessInitializeOnLoadAttributes (773ms)
				ProcessInitializeOnLoadMethodAttributes (16ms)
				AfterProcessingInitializeOnLoad (31ms)
				EditorAssembliesLoaded (1ms)
			ExecutionOrderSort2 (0ms)
			AwakeInstancesAfterBackupRestoration (46ms)
Platform modules already initialized, skipping
Refreshing native plugins compatible for Editor in 2.64 ms, found 3 plugins.
Preloading 0 native plugins for Editor in 0.00 ms.
Unloading 3103 Unused Serialized files (Serialized files now loaded: 0)
System memory in use before: 133.0 MB.
System memory in use after: 133.2 MB.

Unloading 16 unused Assets to reduce memory usage. Loaded Objects now: 3628.
Total: 12.254300 ms (FindLiveObjects: 0.783200 ms CreateObjectMapping: 0.612900 ms MarkObjects: 10.785800 ms  DeleteObjects: 0.069100 ms)

AssetImportParameters requested are different than current active one (requested -> active):
  custom:framework-win-MediaFoundation: 216162199b28c13a410421893ffa2e32 -> 
  custom:video-decoder-ogg-theora: a1e56fd34408186e4bbccfd4996cb3dc -> 
  custom:container-muxer-webm: aa71ff27fc2769a1b78a27578f13a17b -> 
  custom:container-demuxer-webm: 4f35f7cbe854078d1ac9338744f61a02 -> 
  custom:container-demuxer-ogg: 62fdf1f143b41e24485cea50d1cbac27 -> 
  custom:video-encoder-webm-vp8: eb34c28f22e8b96e1ab97ce403110664 -> 
  custom:video-decoder-webm-vp8: 9c59270c3fd7afecdb556c50c9e8de78 -> 
  custom:audio-decoder-ogg-vorbis: bf7c407c2cedff20999df2af8eb42d56 -> 
  custom:audio-encoder-webm-vorbis: bf7c407c2cedff20999df2af8eb42d56 -> 
========================================================================
Received Prepare
Registering precompiled user dll's ...
Registered in 0.007504 seconds.
Begin MonoManager ReloadAssembly
Symbol file LoadedFromMemory doesn't match image C:\Users\lucas\Documents\GitHub\jeux-unity\Project farmer\Library\PackageCache\com.unity.visualscripting@1.6.1\Editor\VisualScripting.Core\Dependencies\YamlDotNet\Unity.VisualScripting.YamlDotNet.dll
Symbol file LoadedFromMemory doesn't match image C:\Users\lucas\Documents\GitHub\jeux-unity\Project farmer\Library\PackageCache\com.unity.visualscripting@1.6.1\Editor\VisualScripting.Core\Dependencies\DotNetZip\Unity.VisualScripting.IonicZip.dll
Native extension for WindowsStandalone target not found
Native extension for WebGL target not found
Refreshing native plugins compatible for Editor in 1.20 ms, found 3 plugins.
Preloading 0 native plugins for Editor in 0.00 ms.
Mono: successfully reloaded assembly
- Completed reload, in  2.263 seconds
Domain Reload Profiling:
	ReloadAssembly (2263ms)
		BeginReloadAssembly (215ms)
			ExecutionOrderSort (0ms)
			DisableScriptedObjects (11ms)
			BackupInstance (0ms)
			ReleaseScriptingObjects (0ms)
			CreateAndSetChildDomain (60ms)
		EndReloadAssembly (1927ms)
			LoadAssemblies (183ms)
			RebuildTransferFunctionScriptingTraits (0ms)
			SetupTypeCache (719ms)
			ReleaseScriptCaches (3ms)
			RebuildScriptCaches (103ms)
			SetupLoadedEditorAssemblies (692ms)
				LogAssemblyErrors (0ms)
				InitializePlatformSupportModulesInManaged (13ms)
				SetLoadedEditorAssemblies (1ms)
				RefreshPlugins (1ms)
				BeforeProcessingInitializeOnLoad (159ms)
				ProcessInitializeOnLoadAttributes (477ms)
				ProcessInitializeOnLoadMethodAttributes (15ms)
				AfterProcessingInitializeOnLoad (24ms)
				EditorAssembliesLoaded (1ms)
			ExecutionOrderSort2 (0ms)
			AwakeInstancesAfterBackupRestoration (27ms)
Platform modules already initialized, skipping
Refreshing native plugins compatible for Editor in 1.07 ms, found 3 plugins.
Preloading 0 native plugins for Editor in 0.00 ms.
Unloading 3103 Unused Serialized files (Serialized files now loaded: 0)
System memory in use before: 133.0 MB.
System memory in use after: 133.2 MB.

Unloading 16 unused Assets to reduce memory usage. Loaded Objects now: 3630.
Total: 7.353900 ms (FindLiveObjects: 0.368100 ms CreateObjectMapping: 0.212400 ms MarkObjects: 6.653900 ms  DeleteObjects: 0.114500 ms)

AssetImportParameters requested are different than current active one (requested -> active):
  custom:framework-win-MediaFoundation: 216162199b28c13a410421893ffa2e32 -> 
  custom:video-decoder-ogg-theora: a1e56fd34408186e4bbccfd4996cb3dc -> 
  custom:container-muxer-webm: aa71ff27fc2769a1b78a27578f13a17b -> 
  custom:container-demuxer-webm: 4f35f7cbe854078d1ac9338744f61a02 -> 
  custom:container-demuxer-ogg: 62fdf1f143b41e24485cea50d1cbac27 -> 
  custom:video-encoder-webm-vp8: eb34c28f22e8b96e1ab97ce403110664 -> 
  custom:video-decoder-webm-vp8: 9c59270c3fd7afecdb556c50c9e8de78 -> 
  custom:audio-decoder-ogg-vorbis: bf7c407c2cedff20999df2af8eb42d56 -> 
  custom:audio-encoder-webm-vorbis: bf7c407c2cedff20999df2af8eb42d56 -> 
========================================================================
Received Prepare
Registering precompiled user dll's ...
Registered in 0.011061 seconds.
Begin MonoManager ReloadAssembly
Symbol file LoadedFromMemory doesn't match image C:\Users\lucas\Documents\GitHub\jeux-unity\Project farmer\Library\PackageCache\com.unity.visualscripting@1.6.1\Editor\VisualScripting.Core\Dependencies\YamlDotNet\Unity.VisualScripting.YamlDotNet.dll
Symbol file LoadedFromMemory doesn't match image C:\Users\lucas\Documents\GitHub\jeux-unity\Project farmer\Library\PackageCache\com.unity.visualscripting@1.6.1\Editor\VisualScripting.Core\Dependencies\DotNetZip\Unity.VisualScripting.IonicZip.dll
Native extension for WindowsStandalone target not found
Native extension for WebGL target not found
Refreshing native plugins compatible for Editor in 0.79 ms, found 3 plugins.
Preloading 0 native plugins for Editor in 0.00 ms.
Mono: successfully reloaded assembly
- Completed reload, in  1.929 seconds
Domain Reload Profiling:
	ReloadAssembly (1929ms)
		BeginReloadAssembly (172ms)
			ExecutionOrderSort (0ms)
			DisableScriptedObjects (7ms)
			BackupInstance (0ms)
			ReleaseScriptingObjects (0ms)
			CreateAndSetChildDomain (49ms)
		EndReloadAssembly (1668ms)
			LoadAssemblies (181ms)
			RebuildTransferFunctionScriptingTraits (0ms)
			SetupTypeCache (686ms)
			ReleaseScriptCaches (2ms)
			RebuildScriptCaches (70ms)
			SetupLoadedEditorAssemblies (517ms)
				LogAssemblyErrors (0ms)
				InitializePlatformSupportModulesInManaged (8ms)
				SetLoadedEditorAssemblies (1ms)
				RefreshPlugins (1ms)
				BeforeProcessingInitializeOnLoad (104ms)
				ProcessInitializeOnLoadAttributes (387ms)
				ProcessInitializeOnLoadMethodAttributes (7ms)
				AfterProcessingInitializeOnLoad (10ms)
				EditorAssembliesLoaded (1ms)
			ExecutionOrderSort2 (0ms)
			AwakeInstancesAfterBackupRestoration (22ms)
Platform modules already initialized, skipping
Refreshing native plugins compatible for Editor in 1.04 ms, found 3 plugins.
Preloading 0 native plugins for Editor in 0.00 ms.
Unloading 3103 Unused Serialized files (Serialized files now loaded: 0)
System memory in use before: 133.0 MB.
System memory in use after: 133.2 MB.

Unloading 16 unused Assets to reduce memory usage. Loaded Objects now: 3632.
Total: 6.878600 ms (FindLiveObjects: 0.389400 ms CreateObjectMapping: 0.302100 ms MarkObjects: 6.148700 ms  DeleteObjects: 0.036600 ms)

AssetImportParameters requested are different than current active one (requested -> active):
  custom:framework-win-MediaFoundation: 216162199b28c13a410421893ffa2e32 -> 
  custom:video-decoder-ogg-theora: a1e56fd34408186e4bbccfd4996cb3dc -> 
  custom:container-muxer-webm: aa71ff27fc2769a1b78a27578f13a17b -> 
  custom:container-demuxer-webm: 4f35f7cbe854078d1ac9338744f61a02 -> 
  custom:container-demuxer-ogg: 62fdf1f143b41e24485cea50d1cbac27 -> 
  custom:video-encoder-webm-vp8: eb34c28f22e8b96e1ab97ce403110664 -> 
  custom:video-decoder-webm-vp8: 9c59270c3fd7afecdb556c50c9e8de78 -> 
  custom:audio-decoder-ogg-vorbis: bf7c407c2cedff20999df2af8eb42d56 -> 
  custom:audio-encoder-webm-vorbis: bf7c407c2cedff20999df2af8eb42d56 -> 
========================================================================
Received Import Request.
  Time since last request: 129.650237 seconds.
  path: Assets/scripts/menu.cs
  artifactKey: Guid(701d91a2e6db8da479d84677a5db4521) Importer(815301076,1909f56bfc062723c751e8b465ee728b)
Start importing Assets/scripts/menu.cs using Guid(701d91a2e6db8da479d84677a5db4521) Importer(815301076,1909f56bfc062723c751e8b465ee728b)  -> (artifact id: '3692324a6ef86534a10a59685e03a633') in 0.019769 seconds 
========================================================================
Received Import Request.
  Time since last request: 144.109866 seconds.
  path: Assets/Easy Primitive People/Prefab/Angel.prefab
  artifactKey: Guid(7f1f123d861e0934ba6d5ba760c21c15) Importer(815301076,1909f56bfc062723c751e8b465ee728b)
Start importing Assets/Easy Primitive People/Prefab/Angel.prefab using Guid(7f1f123d861e0934ba6d5ba760c21c15) Importer(815301076,1909f56bfc062723c751e8b465ee728b)  -> (artifact id: '3f4811d0fe8dc161450052143cc6eb88') in 0.209456 seconds 
========================================================================
Received Import Request.
  Time since last request: 0.000586 seconds.
  path: Assets/Easy Primitive People/Prefab/Cubicle.prefab
  artifactKey: Guid(1b134b1c5bdecf14e936ab0619fcf833) Importer(815301076,1909f56bfc062723c751e8b465ee728b)
Start importing Assets/Easy Primitive People/Prefab/Cubicle.prefab using Guid(1b134b1c5bdecf14e936ab0619fcf833) Importer(815301076,1909f56bfc062723c751e8b465ee728b)  -> (artifact id: 'ed0ae061ac5da1ad3c9a7cee5c229861') in 0.052934 seconds 
========================================================================
Received Import Request.
  Time since last request: 0.000520 seconds.
  path: Assets/Easy Primitive People/Prefab/Cloud2.prefab
  artifactKey: Guid(cefd7ff7c57d0884f81f476039c5b9dd) Importer(815301076,1909f56bfc062723c751e8b465ee728b)
Start importing Assets/Easy Primitive People/Prefab/Cloud2.prefab using Guid(cefd7ff7c57d0884f81f476039c5b9dd) Importer(815301076,1909f56bfc062723c751e8b465ee728b)  -> (artifact id: 'f2547b1bc284fbcc5f1a9f05c73d9e7f') in 0.060655 seconds 
========================================================================
Received Import Request.
  Time since last request: 0.000653 seconds.
  path: Assets/VertexColorFarmAnimals/Prefabs/CowBlW.prefab
  artifactKey: Guid(9ec060093457ad84ca2733cb15c2c41e) Importer(815301076,1909f56bfc062723c751e8b465ee728b)
Start importing Assets/VertexColorFarmAnimals/Prefabs/CowBlW.prefab using Guid(9ec060093457ad84ca2733cb15c2c41e) Importer(815301076,1909f56bfc062723c751e8b465ee728b)  -> (artifact id: '3e707cf47000bbed3da9e180c68a7ccd') in 0.075030 seconds 
========================================================================
Received Import Request.
  Time since last request: 0.000555 seconds.
  path: Assets/Easy Primitive Animals/FarmEdition/Materials/Dark Pink.mat
  artifactKey: Guid(32052b956f6a4e74a8d79ea93b15a0c1) Importer(815301076,1909f56bfc062723c751e8b465ee728b)
Start importing Assets/Easy Primitive Animals/FarmEdition/Materials/Dark Pink.mat using Guid(32052b956f6a4e74a8d79ea93b15a0c1) Importer(815301076,1909f56bfc062723c751e8b465ee728b)  -> (artifact id: 'bbe5d86ea84cf9fd4d55fb59198f9b9d') in 0.106881 seconds 
========================================================================
Received Import Request.
  Time since last request: 0.000729 seconds.
  path: Assets/Easy Primitive Animals/FarmEdition/Materials/Dark Brown.mat
  artifactKey: Guid(ce2e64dbb064a8f41b122fd8ae2cf518) Importer(815301076,1909f56bfc062723c751e8b465ee728b)
Start importing Assets/Easy Primitive Animals/FarmEdition/Materials/Dark Brown.mat using Guid(ce2e64dbb064a8f41b122fd8ae2cf518) Importer(815301076,1909f56bfc062723c751e8b465ee728b)  -> (artifact id: '2f2ca46d1ec50e7795b21807b43ef4de') in 0.045866 seconds 
========================================================================
Received Import Request.
  Time since last request: 0.000612 seconds.
  path: Assets/Easy Primitive People/Prefab/Cloud3.prefab
  artifactKey: Guid(1d220d7d578e51446ae85d810529ea5d) Importer(815301076,1909f56bfc062723c751e8b465ee728b)
Start importing Assets/Easy Primitive People/Prefab/Cloud3.prefab using Guid(1d220d7d578e51446ae85d810529ea5d) Importer(815301076,1909f56bfc062723c751e8b465ee728b)  -> (artifact id: '8351303f3dcd87115ab1bad98923490b') in 0.041006 seconds 
========================================================================
Received Import Request.
  Time since last request: 0.000616 seconds.
  path: Assets/Easy Primitive People/Materials/Black.mat
  artifactKey: Guid(69b1da7131228d34c9cf34b07580df18) Importer(815301076,1909f56bfc062723c751e8b465ee728b)
Start importing Assets/Easy Primitive People/Materials/Black.mat using Guid(69b1da7131228d34c9cf34b07580df18) Importer(815301076,1909f56bfc062723c751e8b465ee728b)  -> (artifact id: 'bbf2b818e7376257257fa830545c89f6') in 0.042666 seconds 
========================================================================
Received Import Request.
  Time since last request: 0.000681 seconds.
  path: Assets/Easy Primitive People/Materials/CricketFielder.prefab
  artifactKey: Guid(580cb0d5de7fae74cad3ee240378c8bc) Importer(815301076,1909f56bfc062723c751e8b465ee728b)
Start importing Assets/Easy Primitive People/Materials/CricketFielder.prefab using Guid(580cb0d5de7fae74cad3ee240378c8bc) Importer(815301076,1909f56bfc062723c751e8b465ee728b)  -> (artifact id: '13e0566ede0c6cc30a7c141446364862') in 0.101875 seconds 
========================================================================
Received Import Request.
  Time since last request: 0.000732 seconds.
  path: Assets/Easy Primitive People/Prefab/Clown.prefab
  artifactKey: Guid(0578a5835e878e64792d64b39d9af8f4) Importer(815301076,1909f56bfc062723c751e8b465ee728b)
Start importing Assets/Easy Primitive People/Prefab/Clown.prefab using Guid(0578a5835e878e64792d64b39d9af8f4) Importer(815301076,1909f56bfc062723c751e8b465ee728b)  -> (artifact id: '8d7496388e3586b5751d149b40b55579') in 0.076832 seconds 
========================================================================
Received Import Request.
  Time since last request: 0.000636 seconds.
  path: Assets/Easy Primitive Animals/FarmEdition/Materials/Black.mat
  artifactKey: Guid(9526ef54025a51b4f8447e907d459ae8) Importer(815301076,1909f56bfc062723c751e8b465ee728b)
Start importing Assets/Easy Primitive Animals/FarmEdition/Materials/Black.mat using Guid(9526ef54025a51b4f8447e907d459ae8) Importer(815301076,1909f56bfc062723c751e8b465ee728b)  -> (artifact id: '1ea509445153fd1d84b7c83ed3783d77') in 0.022252 seconds 
========================================================================
Received Import Request.
  Time since last request: 0.000616 seconds.
  path: Assets/Easy Primitive People/Prefab/Cop.prefab
  artifactKey: Guid(35d11d1e1dd397942b5024ee78060e27) Importer(815301076,1909f56bfc062723c751e8b465ee728b)
Start importing Assets/Easy Primitive People/Prefab/Cop.prefab using Guid(35d11d1e1dd397942b5024ee78060e27) Importer(815301076,1909f56bfc062723c751e8b465ee728b)  -> (artifact id: 'd10543a0c38ee01f1d0fd0c2394da72e') in 0.068892 seconds 
========================================================================
Received Import Request.
  Time since last request: 0.000625 seconds.
  path: Assets/Easy Primitive People/Prefab/CricketFielder.prefab
  artifactKey: Guid(61860cf461366a4419cc4352d574d127) Importer(815301076,1909f56bfc062723c751e8b465ee728b)
Start importing Assets/Easy Primitive People/Prefab/CricketFielder.prefab using Guid(61860cf461366a4419cc4352d574d127) Importer(815301076,1909f56bfc062723c751e8b465ee728b)  -> (artifact id: '86bd0f59cd787297903fe8ecfcdb9d7d') in 0.045331 seconds 
========================================================================
Received Import Request.
  Time since last request: 0.000662 seconds.
  path: Assets/Easy Primitive People/Materials/Dark Grey.mat
  artifactKey: Guid(3f4e7dbaeaf9a6345adaa2a628039b57) Importer(815301076,1909f56bfc062723c751e8b465ee728b)
Start importing Assets/Easy Primitive People/Materials/Dark Grey.mat using Guid(3f4e7dbaeaf9a6345adaa2a628039b57) Importer(815301076,1909f56bfc062723c751e8b465ee728b)  -> (artifact id: '040420f6e704ddda025e5332344784e2') in 0.041172 seconds 
========================================================================
Received Import Request.
  Time since last request: 0.000594 seconds.
  path: Assets/Easy Primitive People/Prefab/CricketBatsman.prefab
  artifactKey: Guid(467914d9f79be7d4298ad29dd883a986) Importer(815301076,1909f56bfc062723c751e8b465ee728b)
Start importing Assets/Easy Primitive People/Prefab/CricketBatsman.prefab using Guid(467914d9f79be7d4298ad29dd883a986) Importer(815301076,1909f56bfc062723c751e8b465ee728b)  -> (artifact id: 'b3fba62539eadc2fffa9a12e9fe19f89') in 0.065438 seconds 
========================================================================
Received Import Request.
  Time since last request: 0.000637 seconds.
  path: Assets/VertexColorFarmAnimals/Models/CowBlW.fbx
  artifactKey: Guid(33bee4529afa2d740bfcc71a4c9f1f2c) Importer(815301076,1909f56bfc062723c751e8b465ee728b)
Start importing Assets/VertexColorFarmAnimals/Models/CowBlW.fbx using Guid(33bee4529afa2d740bfcc71a4c9f1f2c) Importer(815301076,1909f56bfc062723c751e8b465ee728b)  -> (artifact id: 'e08b5da20a9c45a0afbd4a2acca1115b') in 0.108367 seconds 
========================================================================
Received Import Request.
  Time since last request: 0.000611 seconds.
  path: Assets/Easy Primitive People/Materials/Dark Green.mat
  artifactKey: Guid(44abf8e2aea254e469a675272df7feb4) Importer(815301076,1909f56bfc062723c751e8b465ee728b)
Start importing Assets/Easy Primitive People/Materials/Dark Green.mat using Guid(44abf8e2aea254e469a675272df7feb4) Importer(815301076,1909f56bfc062723c751e8b465ee728b)  -> (artifact id: 'cc1fadd8a28e0902d7ba93f66d87ba41') in 0.052736 seconds 
========================================================================
Received Import Request.
  Time since last request: 0.000579 seconds.
  path: Assets/Easy Primitive People/Prefab/Cloud1.prefab
  artifactKey: Guid(5f3e0d8101b9d1b4385eb4d565973aa4) Importer(815301076,1909f56bfc062723c751e8b465ee728b)
Start importing Assets/Easy Primitive People/Prefab/Cloud1.prefab using Guid(5f3e0d8101b9d1b4385eb4d565973aa4) Importer(815301076,1909f56bfc062723c751e8b465ee728b)  -> (artifact id: '97f9f896b8e94d9eec11e0ce947534c2') in 0.041487 seconds 
========================================================================
Received Import Request.
  Time since last request: 0.000625 seconds.
  path: Assets/Easy Primitive People/Materials/Baby Blue.mat
  artifactKey: Guid(4ac2606202e713b4ab55573f04556e32) Importer(815301076,1909f56bfc062723c751e8b465ee728b)
Start importing Assets/Easy Primitive People/Materials/Baby Blue.mat using Guid(4ac2606202e713b4ab55573f04556e32) Importer(815301076,1909f56bfc062723c751e8b465ee728b)  -> (artifact id: 'c1adfec7c4655b637d5166993385d88a') in 0.043606 seconds 
========================================================================
Received Import Request.
  Time since last request: 0.000695 seconds.
  path: Assets/Easy Primitive Animals/FarmEdition/Materials/Dark Grey.mat
  artifactKey: Guid(7df53263c509b0540bb43d4281a9c846) Importer(815301076,1909f56bfc062723c751e8b465ee728b)
Start importing Assets/Easy Primitive Animals/FarmEdition/Materials/Dark Grey.mat using Guid(7df53263c509b0540bb43d4281a9c846) Importer(815301076,1909f56bfc062723c751e8b465ee728b)  -> (artifact id: 'db23c6873caf8765fada0352da6cec3b') in 0.023474 seconds 
========================================================================
Received Import Request.
  Time since last request: 0.000522 seconds.
  path: Assets/Easy Primitive People/Materials/Dark Brown.mat
  artifactKey: Guid(49bacf2cc9778004589af42d84598932) Importer(815301076,1909f56bfc062723c751e8b465ee728b)
Start importing Assets/Easy Primitive People/Materials/Dark Brown.mat using Guid(49bacf2cc9778004589af42d84598932) Importer(815301076,1909f56bfc062723c751e8b465ee728b)  -> (artifact id: '7af6e4a7e87daa13f1cd256b549cf07b') in 0.037758 seconds 
========================================================================
Received Import Request.
  Time since last request: 0.000646 seconds.
  path: Assets/Easy Primitive Animals/FarmEdition/Materials/Baby Blue.mat
  artifactKey: Guid(1443d03c99ac2b44bb3adc6a875f2a18) Importer(815301076,1909f56bfc062723c751e8b465ee728b)
Start importing Assets/Easy Primitive Animals/FarmEdition/Materials/Baby Blue.mat using Guid(1443d03c99ac2b44bb3adc6a875f2a18) Importer(815301076,1909f56bfc062723c751e8b465ee728b)  -> (artifact id: 'b4826db33fe7a2fc82d2dade3daf7bab') in 0.036103 seconds 
========================================================================
Received Prepare
Registering precompiled user dll's ...
Registered in 0.012540 seconds.
Begin MonoManager ReloadAssembly
Symbol file LoadedFromMemory doesn't match image C:\Users\lucas\Documents\GitHub\jeux-unity\Project farmer\Library\PackageCache\com.unity.visualscripting@1.6.1\Editor\VisualScripting.Core\Dependencies\YamlDotNet\Unity.VisualScripting.YamlDotNet.dll
Symbol file LoadedFromMemory doesn't match image C:\Users\lucas\Documents\GitHub\jeux-unity\Project farmer\Library\PackageCache\com.unity.visualscripting@1.6.1\Editor\VisualScripting.Core\Dependencies\DotNetZip\Unity.VisualScripting.IonicZip.dll
Native extension for WindowsStandalone target not found
Native extension for WebGL target not found
Refreshing native plugins compatible for Editor in 2.88 ms, found 3 plugins.
Preloading 0 native plugins for Editor in 0.00 ms.
Mono: successfully reloaded assembly
- Completed reload, in  6.010 seconds
Domain Reload Profiling:
	ReloadAssembly (6012ms)
		BeginReloadAssembly (604ms)
			ExecutionOrderSort (0ms)
			DisableScriptedObjects (28ms)
			BackupInstance (0ms)
			ReleaseScriptingObjects (0ms)
			CreateAndSetChildDomain (186ms)
		EndReloadAssembly (5049ms)
			LoadAssemblies (522ms)
			RebuildTransferFunctionScriptingTraits (0ms)
			SetupTypeCache (1932ms)
			ReleaseScriptCaches (5ms)
			RebuildScriptCaches (238ms)
			SetupLoadedEditorAssemblies (1715ms)
				LogAssemblyErrors (0ms)
				InitializePlatformSupportModulesInManaged (32ms)
				SetLoadedEditorAssemblies (4ms)
				RefreshPlugins (3ms)
				BeforeProcessingInitializeOnLoad (291ms)
				ProcessInitializeOnLoadAttributes (1324ms)
				ProcessInitializeOnLoadMethodAttributes (23ms)
				AfterProcessingInitializeOnLoad (37ms)
				EditorAssembliesLoaded (2ms)
			ExecutionOrderSort2 (0ms)
			AwakeInstancesAfterBackupRestoration (77ms)
Platform modules already initialized, skipping
Refreshing native plugins compatible for Editor in 1.10 ms, found 3 plugins.
Preloading 0 native plugins for Editor in 0.00 ms.
Unloading 3103 Unused Serialized files (Serialized files now loaded: 0)
System memory in use before: 133.7 MB.
System memory in use after: 134.0 MB.

Unloading 17 unused Assets to reduce memory usage. Loaded Objects now: 3640.
Total: 6.793900 ms (FindLiveObjects: 0.520900 ms CreateObjectMapping: 0.347900 ms MarkObjects: 5.886000 ms  DeleteObjects: 0.036900 ms)

AssetImportParameters requested are different than current active one (requested -> active):
  custom:framework-win-MediaFoundation: 216162199b28c13a410421893ffa2e32 -> 
  custom:video-decoder-ogg-theora: a1e56fd34408186e4bbccfd4996cb3dc -> 
  custom:container-muxer-webm: aa71ff27fc2769a1b78a27578f13a17b -> 
  custom:container-demuxer-webm: 4f35f7cbe854078d1ac9338744f61a02 -> 
  custom:container-demuxer-ogg: 62fdf1f143b41e24485cea50d1cbac27 -> 
  custom:video-encoder-webm-vp8: eb34c28f22e8b96e1ab97ce403110664 -> 
  custom:video-decoder-webm-vp8: 9c59270c3fd7afecdb556c50c9e8de78 -> 
  custom:audio-decoder-ogg-vorbis: bf7c407c2cedff20999df2af8eb42d56 -> 
  custom:audio-encoder-webm-vorbis: bf7c407c2cedff20999df2af8eb42d56 -> 
========================================================================
Received Import Request.
  Time since last request: 155.252472 seconds.
  path: Assets/Scenes/2.unity
  artifactKey: Guid(adc80317f90b1e64e93f3256c220ab09) Importer(815301076,1909f56bfc062723c751e8b465ee728b)
Start importing Assets/Scenes/2.unity using Guid(adc80317f90b1e64e93f3256c220ab09) Importer(815301076,1909f56bfc062723c751e8b465ee728b)  -> (artifact id: '53d3f398f06ccfbe9840cb9fec4c7a0f') in 0.039696 seconds 
========================================================================
Received Import Request.
  Time since last request: 1.084410 seconds.
  path: Assets/Scenes/menu.unity
  artifactKey: Guid(b00d619ddb359704aa05e50672943390) Importer(815301076,1909f56bfc062723c751e8b465ee728b)
Start importing Assets/Scenes/menu.unity using Guid(b00d619ddb359704aa05e50672943390) Importer(815301076,1909f56bfc062723c751e8b465ee728b)  -> (artifact id: '30ac7068217a2922bbc1a62a1bc42695') in 0.006835 seconds 
========================================================================
Received Import Request.
  Time since last request: 3.679537 seconds.
  path: Assets/Scenes/1.unity
  artifactKey: Guid(b00d619ddb359704aa05e50672943390) Importer(815301076,1909f56bfc062723c751e8b465ee728b)
Start importing Assets/Scenes/1.unity using Guid(b00d619ddb359704aa05e50672943390) Importer(815301076,1909f56bfc062723c751e8b465ee728b)  -> (artifact id: '5fe035640f5ed60f6515a116c6c5919c') in 0.017633 seconds 
========================================================================
Received Prepare
Registering precompiled user dll's ...
Registered in 0.012911 seconds.
Begin MonoManager ReloadAssembly
Symbol file LoadedFromMemory doesn't match image C:\Users\lucas\Documents\GitHub\jeux-unity\Project farmer\Library\PackageCache\com.unity.visualscripting@1.6.1\Editor\VisualScripting.Core\Dependencies\YamlDotNet\Unity.VisualScripting.YamlDotNet.dll
Symbol file LoadedFromMemory doesn't match image C:\Users\lucas\Documents\GitHub\jeux-unity\Project farmer\Library\PackageCache\com.unity.visualscripting@1.6.1\Editor\VisualScripting.Core\Dependencies\DotNetZip\Unity.VisualScripting.IonicZip.dll
Native extension for WindowsStandalone target not found
Native extension for WebGL target not found
Refreshing native plugins compatible for Editor in 1.29 ms, found 3 plugins.
Preloading 0 native plugins for Editor in 0.00 ms.
Mono: successfully reloaded assembly
- Completed reload, in  3.157 seconds
Domain Reload Profiling:
	ReloadAssembly (3158ms)
		BeginReloadAssembly (460ms)
			ExecutionOrderSort (0ms)
			DisableScriptedObjects (25ms)
			BackupInstance (0ms)
			ReleaseScriptingObjects (0ms)
			CreateAndSetChildDomain (128ms)
		EndReloadAssembly (2547ms)
			LoadAssemblies (313ms)
			RebuildTransferFunctionScriptingTraits (0ms)
			SetupTypeCache (967ms)
			ReleaseScriptCaches (3ms)
			RebuildScriptCaches (147ms)
			SetupLoadedEditorAssemblies (851ms)
				LogAssemblyErrors (0ms)
				InitializePlatformSupportModulesInManaged (15ms)
				SetLoadedEditorAssemblies (1ms)
				RefreshPlugins (1ms)
				BeforeProcessingInitializeOnLoad (161ms)
				ProcessInitializeOnLoadAttributes (645ms)
				ProcessInitializeOnLoadMethodAttributes (11ms)
				AfterProcessingInitializeOnLoad (17ms)
				EditorAssembliesLoaded (0ms)
			ExecutionOrderSort2 (0ms)
			AwakeInstancesAfterBackupRestoration (33ms)
Platform modules already initialized, skipping
Refreshing native plugins compatible for Editor in 1.75 ms, found 3 plugins.
Preloading 0 native plugins for Editor in 0.00 ms.
Unloading 3103 Unused Serialized files (Serialized files now loaded: 0)
System memory in use before: 133.8 MB.
System memory in use after: 134.0 MB.

Unloading 16 unused Assets to reduce memory usage. Loaded Objects now: 3642.
Total: 10.111300 ms (FindLiveObjects: 0.665800 ms CreateObjectMapping: 0.477500 ms MarkObjects: 8.913000 ms  DeleteObjects: 0.052300 ms)

AssetImportParameters requested are different than current active one (requested -> active):
  custom:framework-win-MediaFoundation: 216162199b28c13a410421893ffa2e32 -> 
  custom:video-decoder-ogg-theora: a1e56fd34408186e4bbccfd4996cb3dc -> 
  custom:container-muxer-webm: aa71ff27fc2769a1b78a27578f13a17b -> 
  custom:container-demuxer-webm: 4f35f7cbe854078d1ac9338744f61a02 -> 
  custom:container-demuxer-ogg: 62fdf1f143b41e24485cea50d1cbac27 -> 
  custom:video-encoder-webm-vp8: eb34c28f22e8b96e1ab97ce403110664 -> 
  custom:video-decoder-webm-vp8: 9c59270c3fd7afecdb556c50c9e8de78 -> 
  custom:audio-decoder-ogg-vorbis: bf7c407c2cedff20999df2af8eb42d56 -> 
  custom:audio-encoder-webm-vorbis: bf7c407c2cedff20999df2af8eb42d56 -> 
========================================================================
Received Import Request.
  Time since last request: 197.826688 seconds.
  path: Assets/Scenes/1.unity
  artifactKey: Guid(b00d619ddb359704aa05e50672943390) Importer(815301076,1909f56bfc062723c751e8b465ee728b)
Start importing Assets/Scenes/1.unity using Guid(b00d619ddb359704aa05e50672943390) Importer(815301076,1909f56bfc062723c751e8b465ee728b)  -> (artifact id: '3c29c98ce1db9fb0a9fa4b66a8c7305b') in 0.026447 seconds 
========================================================================
Received Prepare
Registering precompiled user dll's ...
Registered in 0.012699 seconds.
Begin MonoManager ReloadAssembly
Symbol file LoadedFromMemory doesn't match image C:\Users\lucas\Documents\GitHub\jeux-unity\Project farmer\Library\PackageCache\com.unity.visualscripting@1.6.1\Editor\VisualScripting.Core\Dependencies\YamlDotNet\Unity.VisualScripting.YamlDotNet.dll
Symbol file LoadedFromMemory doesn't match image C:\Users\lucas\Documents\GitHub\jeux-unity\Project farmer\Library\PackageCache\com.unity.visualscripting@1.6.1\Editor\VisualScripting.Core\Dependencies\DotNetZip\Unity.VisualScripting.IonicZip.dll
Native extension for WindowsStandalone target not found
Native extension for WebGL target not found
Refreshing native plugins compatible for Editor in 1.16 ms, found 3 plugins.
Preloading 0 native plugins for Editor in 0.00 ms.
Mono: successfully reloaded assembly
- Completed reload, in  2.788 seconds
Domain Reload Profiling:
	ReloadAssembly (2789ms)
		BeginReloadAssembly (263ms)
			ExecutionOrderSort (0ms)
			DisableScriptedObjects (11ms)
			BackupInstance (0ms)
			ReleaseScriptingObjects (0ms)
			CreateAndSetChildDomain (68ms)
		EndReloadAssembly (2336ms)
			LoadAssemblies (280ms)
			RebuildTransferFunctionScriptingTraits (0ms)
			SetupTypeCache (817ms)
			ReleaseScriptCaches (2ms)
			RebuildScriptCaches (72ms)
			SetupLoadedEditorAssemblies (916ms)
				LogAssemblyErrors (0ms)
				InitializePlatformSupportModulesInManaged (15ms)
				SetLoadedEditorAssemblies (1ms)
				RefreshPlugins (1ms)
				BeforeProcessingInitializeOnLoad (140ms)
				ProcessInitializeOnLoadAttributes (721ms)
				ProcessInitializeOnLoadMethodAttributes (14ms)
				AfterProcessingInitializeOnLoad (23ms)
				EditorAssembliesLoaded (1ms)
			ExecutionOrderSort2 (0ms)
			AwakeInstancesAfterBackupRestoration (43ms)
Platform modules already initialized, skipping
Refreshing native plugins compatible for Editor in 1.32 ms, found 3 plugins.
Preloading 0 native plugins for Editor in 0.00 ms.
Unloading 3103 Unused Serialized files (Serialized files now loaded: 0)
System memory in use before: 133.8 MB.
System memory in use after: 134.0 MB.

Unloading 16 unused Assets to reduce memory usage. Loaded Objects now: 3644.
Total: 7.417000 ms (FindLiveObjects: 0.501500 ms CreateObjectMapping: 0.318400 ms MarkObjects: 6.558700 ms  DeleteObjects: 0.036500 ms)

AssetImportParameters requested are different than current active one (requested -> active):
  custom:framework-win-MediaFoundation: 216162199b28c13a410421893ffa2e32 -> 
  custom:video-decoder-ogg-theora: a1e56fd34408186e4bbccfd4996cb3dc -> 
  custom:container-muxer-webm: aa71ff27fc2769a1b78a27578f13a17b -> 
  custom:container-demuxer-webm: 4f35f7cbe854078d1ac9338744f61a02 -> 
  custom:container-demuxer-ogg: 62fdf1f143b41e24485cea50d1cbac27 -> 
  custom:video-encoder-webm-vp8: eb34c28f22e8b96e1ab97ce403110664 -> 
  custom:video-decoder-webm-vp8: 9c59270c3fd7afecdb556c50c9e8de78 -> 
  custom:audio-decoder-ogg-vorbis: bf7c407c2cedff20999df2af8eb42d56 -> 
  custom:audio-encoder-webm-vorbis: bf7c407c2cedff20999df2af8eb42d56 -> 
========================================================================
Received Import Request.
  Time since last request: 28.664143 seconds.
  path: Assets/Scenes/3.unity
  artifactKey: Guid(c00810ff92ec56d4cac2eab25d81f959) Importer(815301076,1909f56bfc062723c751e8b465ee728b)
Start importing Assets/Scenes/3.unity using Guid(c00810ff92ec56d4cac2eab25d81f959) Importer(815301076,1909f56bfc062723c751e8b465ee728b)  -> (artifact id: '6daa1370b0f76e3b80cc074705b21bd9') in 0.035963 seconds 
========================================================================
Received Prepare
Registering precompiled user dll's ...
Registered in 0.013874 seconds.
Begin MonoManager ReloadAssembly
Symbol file LoadedFromMemory doesn't match image C:\Users\lucas\Documents\GitHub\jeux-unity\Project farmer\Library\PackageCache\com.unity.visualscripting@1.6.1\Editor\VisualScripting.Core\Dependencies\YamlDotNet\Unity.VisualScripting.YamlDotNet.dll
Symbol file LoadedFromMemory doesn't match image C:\Users\lucas\Documents\GitHub\jeux-unity\Project farmer\Library\PackageCache\com.unity.visualscripting@1.6.1\Editor\VisualScripting.Core\Dependencies\DotNetZip\Unity.VisualScripting.IonicZip.dll
Native extension for WindowsStandalone target not found
Native extension for WebGL target not found
Refreshing native plugins compatible for Editor in 2.37 ms, found 3 plugins.
Preloading 0 native plugins for Editor in 0.00 ms.
Mono: successfully reloaded assembly
- Completed reload, in  4.290 seconds
Domain Reload Profiling:
	ReloadAssembly (4291ms)
		BeginReloadAssembly (381ms)
			ExecutionOrderSort (0ms)
			DisableScriptedObjects (12ms)
			BackupInstance (0ms)
			ReleaseScriptingObjects (0ms)
			CreateAndSetChildDomain (109ms)
		EndReloadAssembly (3680ms)
			LoadAssemblies (384ms)
			RebuildTransferFunctionScriptingTraits (0ms)
			SetupTypeCache (1286ms)
			ReleaseScriptCaches (2ms)
			RebuildScriptCaches (143ms)
			SetupLoadedEditorAssemblies (1243ms)
				LogAssemblyErrors (0ms)
				InitializePlatformSupportModulesInManaged (42ms)
				SetLoadedEditorAssemblies (3ms)
				RefreshPlugins (3ms)
				BeforeProcessingInitializeOnLoad (322ms)
				ProcessInitializeOnLoadAttributes (832ms)
				ProcessInitializeOnLoadMethodAttributes (14ms)
				AfterProcessingInitializeOnLoad (25ms)
				EditorAssembliesLoaded (1ms)
			ExecutionOrderSort2 (0ms)
			AwakeInstancesAfterBackupRestoration (61ms)
Platform modules already initialized, skipping
Refreshing native plugins compatible for Editor in 1.62 ms, found 3 plugins.
Preloading 0 native plugins for Editor in 0.00 ms.
Unloading 3103 Unused Serialized files (Serialized files now loaded: 0)
System memory in use before: 133.8 MB.
System memory in use after: 134.0 MB.

Unloading 16 unused Assets to reduce memory usage. Loaded Objects now: 3646.
Total: 9.928100 ms (FindLiveObjects: 0.791200 ms CreateObjectMapping: 0.459400 ms MarkObjects: 8.620600 ms  DeleteObjects: 0.053600 ms)

AssetImportParameters requested are different than current active one (requested -> active):
  custom:framework-win-MediaFoundation: 216162199b28c13a410421893ffa2e32 -> 
  custom:video-decoder-ogg-theora: a1e56fd34408186e4bbccfd4996cb3dc -> 
  custom:container-muxer-webm: aa71ff27fc2769a1b78a27578f13a17b -> 
  custom:container-demuxer-webm: 4f35f7cbe854078d1ac9338744f61a02 -> 
  custom:container-demuxer-ogg: 62fdf1f143b41e24485cea50d1cbac27 -> 
  custom:video-encoder-webm-vp8: eb34c28f22e8b96e1ab97ce403110664 -> 
  custom:video-decoder-webm-vp8: 9c59270c3fd7afecdb556c50c9e8de78 -> 
  custom:audio-decoder-ogg-vorbis: bf7c407c2cedff20999df2af8eb42d56 -> 
  custom:audio-encoder-webm-vorbis: bf7c407c2cedff20999df2af8eb42d56 -> 
========================================================================
Received Prepare
Refreshing native plugins compatible for Editor in 12.04 ms, found 3 plugins.
Preloading 0 native plugins for Editor in 0.00 ms.
Unloading 14 Unused Serialized files (Serialized files now loaded: 0)
System memory in use before: 72.5 MB.
System memory in use after: 72.8 MB.

Unloading 14 unused Assets to reduce memory usage. Loaded Objects now: 3646.
Total: 10.864000 ms (FindLiveObjects: 0.767000 ms CreateObjectMapping: 0.525600 ms MarkObjects: 9.515900 ms  DeleteObjects: 0.051600 ms)

AssetImportParameters requested are different than current active one (requested -> active):
  custom:framework-win-MediaFoundation: 216162199b28c13a410421893ffa2e32 -> 
  custom:video-decoder-ogg-theora: a1e56fd34408186e4bbccfd4996cb3dc -> 
  custom:container-muxer-webm: aa71ff27fc2769a1b78a27578f13a17b -> 
  custom:container-demuxer-webm: 4f35f7cbe854078d1ac9338744f61a02 -> 
  custom:container-demuxer-ogg: 62fdf1f143b41e24485cea50d1cbac27 -> 
  custom:video-encoder-webm-vp8: eb34c28f22e8b96e1ab97ce403110664 -> 
  custom:video-decoder-webm-vp8: 9c59270c3fd7afecdb556c50c9e8de78 -> 
  custom:audio-decoder-ogg-vorbis: bf7c407c2cedff20999df2af8eb42d56 -> 
  custom:audio-encoder-webm-vorbis: bf7c407c2cedff20999df2af8eb42d56 -> 
